0 info it worked if it ends with ok
1 verbose cli [ 'C:\\Program Files\\nodejs\\node.exe',
1 verbose cli   'C:\\Program Files\\nodejs\\node_modules\\npm\\bin\\npm-cli.js',
1 verbose cli   'start' ]
2 info using npm@4.1.2
3 info using node@v7.5.0
4 verbose run-script [ 'prestart', 'start', 'poststart' ]
5 info lifecycle serverMonitor@1.0.0~prestart: serverMonitor@1.0.0
6 silly lifecycle serverMonitor@1.0.0~prestart: no script for prestart, continuing
7 info lifecycle serverMonitor@1.0.0~start: serverMonitor@1.0.0
8 verbose lifecycle serverMonitor@1.0.0~start: unsafe-perm in lifecycle true
9 verbose lifecycle serverMonitor@1.0.0~start: PATH: C:\Program Files\nodejs\node_modules\npm\bin\node-gyp-bin;D:\00Documents\GitHub\ServerMonitor.Web\node_modules\.bin;c:\windows\system32\OracleClient;C:\ProgramData\Oracle\Java\javapath;C:\Windows\system32;C:\Windows;C:\Windows\System32\Wbem;C:\Windows\System32\WindowsPowerShell\v1.0\;C:\Program Files (x86)\Skype\Phone\;C:\Program Files\dotnet\;C:\Program Files\Microsoft SQL Server\130\Tools\Binn\;C:\Program Files\Git\cmd;C:\Program Files (x86)\Microsoft SQL Server\140\DTS\Binn\;C:\Program Files\Microsoft SQL Server\140\DTS\Binn\;C:\Program Files\Microsoft SQL Server\Client SDK\ODBC\130\Tools\Binn\;C:\Program Files (x86)\Microsoft SQL Server\140\Tools\Binn\;C:\Program Files\Microsoft SQL Server\140\Tools\Binn\;C:\Program Files (x86)\Microsoft SQL Server\Client SDK\ODBC\130\Tools\Binn\;C:\Program Files (x86)\Microsoft SQL Server\140\Tools\Binn\ManagementStudio\;C:\Program Files\nodejs\;C:\Users\qwe\AppData\Local\Microsoft\WindowsApps;;C:\Program Files\Microsoft VS Code\bin;C:\Program Files (x86)\Sophos\Sophos SSL VPN Client\bin;C:\Users\qwe\AppData\Roaming\npm
10 verbose lifecycle serverMonitor@1.0.0~start: CWD: D:\00Documents\GitHub\ServerMonitor.Web
11 silly lifecycle serverMonitor@1.0.0~start: Args: [ '/d /s /c', 'parcel index.html' ]
12 silly lifecycle serverMonitor@1.0.0~start: Returned: code: 1  signal: null
13 info lifecycle serverMonitor@1.0.0~start: Failed to exec start script
14 verbose stack Error: serverMonitor@1.0.0 start: `parcel index.html`
14 verbose stack Exit status 1
14 verbose stack     at EventEmitter.<anonymous> (C:\Program Files\nodejs\node_modules\npm\lib\utils\lifecycle.js:279:16)
14 verbose stack     at emitTwo (events.js:106:13)
14 verbose stack     at EventEmitter.emit (events.js:192:7)
14 verbose stack     at ChildProcess.<anonymous> (C:\Program Files\nodejs\node_modules\npm\lib\utils\spawn.js:40:14)
14 verbose stack     at emitTwo (events.js:106:13)
14 verbose stack     at ChildProcess.emit (events.js:192:7)
14 verbose stack     at maybeClose (internal/child_process.js:890:16)
14 verbose stack     at Process.ChildProcess._handle.onexit (internal/child_process.js:226:5)
15 verbose pkgid serverMonitor@1.0.0
16 verbose cwd D:\00Documents\GitHub\ServerMonitor.Web
17 error Windows_NT 10.0.16299
18 error argv "C:\\Program Files\\nodejs\\node.exe" "C:\\Program Files\\nodejs\\node_modules\\npm\\bin\\npm-cli.js" "start"
19 error node v7.5.0
20 error npm  v4.1.2
21 error code ELIFECYCLE
22 error serverMonitor@1.0.0 start: `parcel index.html`
22 error Exit status 1
23 error Failed at the serverMonitor@1.0.0 start script 'parcel index.html'.
23 error Make sure you have the latest version of node.js and npm installed.
23 error If you do, this is most likely a problem with the serverMonitor package,
23 error not with npm itself.
23 error Tell the author that this fails on your system:
23 error     parcel index.html
23 error You can get information on how to open an issue for this project with:
23 error     npm bugs serverMonitor
23 error Or if that isn't available, you can get their info via:
23 error     npm owner ls serverMonitor
23 error There is likely additional logging output above.
24 verbose exit [ 1, true ]
